<?xml version="1.0" encoding="UTF-8"?>
<!-- Generated by org.testng.reporters.JUnitReportReporter -->
<testsuite hostname="DELL" name="org.test.Test3" tests="3" failures="0" timestamp="24 Apr 2022 05:27:23 GMT" time="0.003" errors="0">
  <testcase name="tc3000" time="0.001" classname="org.test.Test3"/>
  <testcase name="tc2000" time="0.001" classname="org.test.Test3"/>
  <testcase name="tc1000" time="0.001" classname="org.test.Test3"/>
</testsuite> <!-- org.test.Test3 -->
