<?xml version="1.0" encoding="UTF-8"?>
<!-- Generated by org.testng.reporters.JUnitReportReporter -->
<testsuite hostname="DELL" name="org.test.Test2" tests="3" failures="0" timestamp="24 Apr 2022 05:27:23 GMT" time="0.003" errors="0">
  <testcase name="tc300" time="0.001" classname="org.test.Test2"/>
  <testcase name="tc200" time="0.001" classname="org.test.Test2"/>
  <testcase name="tc100" time="0.001" classname="org.test.Test2"/>
</testsuite> <!-- org.test.Test2 -->
