<?xml version="1.0" encoding="UTF-8"?>
<!-- Generated by org.testng.reporters.JUnitReportReporter -->
<testsuite hostname="DELL" name="org.test.Test1" tests="3" failures="0" timestamp="24 Apr 2022 05:27:23 GMT" time="0.025" errors="0">
  <testcase name="tc1" time="0.023" classname="org.test.Test1"/>
  <testcase name="tc2" time="0.001" classname="org.test.Test1"/>
  <testcase name="tc3" time="0.001" classname="org.test.Test1"/>
</testsuite> <!-- org.test.Test1 -->
